c0012 rG 0 1
c0012 r38 2 1
c0012 rR 4 0
c0013 r51 1 4
c0013 r37 2 3
c0013 rG 3 1
c0014 r52 0 3
c0014 r52 1 0
c0014 r51 0 4
c0035 r37 1 3
c0035 r52 2 2
c0035 r37 3 4
c0036 r31 2 3
c0036 r50 0 4
c0036 r36 3 3
c0045 rF 1 0
c0045 rDS1 1 3
c0045 rB 3 4
c0052 rA 3 1
c0052 rA 3 2
c0052 rL 4 2
c0053 rG 1 1
c0053 rG 2 2
c0053 r51 2 3
c0055 rDS1 0 1
c0055 rDS1 2 1
c0055 rDS1 3 3
c0057 rL 0 2
c0057 rG 0 3
c0057 rF 4 1
c0060 rD 0 3
c0060 rG 1 0
c0060 rL 1 4
c0094 rD 1 1
c0094 rD 3 2
c0094 rDS1 4 1
c0098 rL 1 1
c0098 rL 2 2
c0098 rL 4 3
c0104 rA 0 0
c0104 rF 3 3
c0104 rB 4 2
c0107 rDS1 1 2
c0107 rD 1 3
c0107 rD 3 1
c0112 rL 0 0
c0112 rB 0 1
c0112 rL 0 4
c0114 rB 0 3
c0114 rB 0 4
c0114 rL 3 4
c0116 rG 0 2
c0116 rA 2 1
c0116 rG 3 0
c0117 rA 3 4
c0117 rA 4 0
c0117 rB 4 1
c0130 rG 3 3
c0130 rB 2 3
c0130 rA 4 1
c0148 rG 2 3
c0148 rD 3 0
c0148 rG 4 3
c0149 rB 1 3
c0149 rF 2 1
c0149 rDS1 4 2
c0150 rD 0 1
c0150 rD 1 0
c0150 rF 2 2
c0162 rDS1 0 4
c0162 rA 2 4
c0162 rF 4 0
c0163 rF 1 4
c0163 rL 2 0
c0163 rL 3 3
c0177 rDS1 1 4
c0177 rB 3 0
c0177 rL 4 0
c0179 rF 0 4
c0179 rDS1 3 2
c0179 rD 3 3
c0181 rL 0 3
c0181 rG 2 1
c0181 rB 3 1
c0198 rD 2 1
c0198 rA 3 3
c0198 rA 4 3
c0210 rB 2 1
c0210 rL 0 1
c0210 rL 1 3
c0214 rF 1 2
c0214 rF 3 1
c0214 rF 3 2
c0218 rB 2 4
c0218 rD 4 1
c0218 rD 4 4
c0223 rA 1 0
c0223 rB 2 0
c0223 rB 3 3
c0224 rDS1 1 1
c0224 rA 2 2
c0224 rL 3 0
c0226 rA 0 2
c0226 rB 2 2
c0226 rA 4 2
c0227 rL 1 0
c0227 rL 2 3
c0227 rB 4 0
c0233 rG 0 4
c0233 rDS1 2 2
c0233 rG 4 4
c0249 r50 2 4
c0249 rL 3 2
c0249 r50 4 3
c0254 rG 1 2
c0254 rF 2 3
c0254 rL 2 4
c0271 rD 0 2
c0271 rDS1 3 0
c0271 rF 4 4
c0409 r37 1 2
c0409 r51 3 1
c0409 r51 3 3
c0416 r38 1 1
c0416 r52 2 1
c0416 rG 3 4
c0420 r31 1 3
c0420 r50 3 0
c0420 rDS2 4 2
c0441 r27 0 1
c0441 r27 1 1
c0441 r27 1 2
c0441 rA 2 0
c0441 r50 2 1
c0456 rDS1 2 4
c0456 rF 3 0
c0456 rF 3 4
c0457 rA 0 4
c0457 rF 1 1
c0457 rF 2 0
c0465 rF 0 0
c0465 rDS1 2 3
c0465 rF 4 2
c0486 rD 1 2
c0486 rD 2 0
c0486 rD 2 4
c0491 r52 3 2
c0491 r52 4 2
c0491 r51 4 3
c0498 rF 0 1
c0498 rL 3 1
c0498 r31 4 1
c0501 r25 0 0
c0501 r25 2 4
c0501 r27 4 0
c0506 rR 2 2
c0506 r36 3 0
c0506 r31 3 1
c0510 rF 0 3
c0510 rL 4 4
c0510 rG 1 4
c0510 rDS1 2 0
c0510 r27 1 3
c0510 rA 2 3
c0527 r31 1 0
c0527 r38 2 2
c0527 r37 4 1
c0670 r37 0 2
c0670 r37 0 1
c0670 rL 4 1
c0738 rDS2 2 2
c0738 r38 3 3
c0738 rDS1 3 4
c0745 rD 0 4
c0745 rF 1 3
c0745 rD 4 2
c0773 r31 0 1
c0773 rF 0 2
c0773 r50 1 3
c0814 rDS2 1 3
c0814 rN 2 2
c0814 r36 4 2
c0814 rDS2 3 3
c0814 r36 4 3
c0825 rR 0 3
c0825 rF 2 4
c0825 rDS1 4 4
c0828 r50 3 1
c0828 rB 3 2
c0828 r38 4 3
c0845 r27 3 1
c0845 rD 4 0
c0845 r31 4 2
c0850 r50 1 0
c0850 rB 1 1
c0850 rF 4 3
c0856 r31 0 0
c0856 r27 0 4
c0856 rA 1 2
c0856 rA 1 3
c0856 r51 3 2
c0856 r31 3 3
c0856 r31 4 4
c0866 rB 0 2
c0866 r37 2 1
c0866 r37 2 2
c0866 rR 2 3
c0866 r52 3 0
c0866 r25 3 4
c0866 rB 4 4
c0869 rD 0 0
c0869 r52 0 1
c0869 r36 0 2
c0869 rR 0 4
c0869 r51 1 3
c0869 r36 1 4
c0869 r52 2 3
c0882 rDS2 1 2
c0882 r27 2 4
c0882 rDS2 3 2
c0882 r25 3 3
c0882 r27 3 4
c0882 r27 4 1
c0882 rA 4 4
c0884 r50 0 0
c0884 rDS2 0 3
c0884 rDS2 0 4
c0884 r50 1 1
c0884 r31 1 2
c0884 r31 1 4
c0884 r27 2 0
c0899 rDS1 0 3
c0899 rG 2 0
c0899 rG 4 1
c0901 rG 1 3
c0901 rD 3 4
c0901 rG 2 4
c0933 rDS1 0 0
c0933 r52 0 2
c0933 r51 4 1
c0947 r51 0 0
c0947 rA 0 1
c0947 rR 1 0
c0947 r37 1 1
c0947 r31 2 1
c0947 r51 4 2
c0947 r31 4 3
c0953 rG 0 0
c0953 r50 0 1
c0953 r52 1 4
c0953 r27 1 0
c0953 r52 1 1
c0953 r50 1 2
c0953 r52 4 0
c0969 r31 0 2
c0969 rDS2 1 1
c0969 rB 1 2
c0969 r50 2 0
c0969 r50 3 3
c0969 r50 3 4
c0969 rDS1 4 0
c0972 r27 0 0
c0972 r51 0 1
c0972 rDS2 0 2
c0972 r51 1 2
c0972 r51 2 2
c0972 r27 3 2
c0972 rDS2 4 0
c0978 r50 1 4
c0978 r51 3 0
c0978 rDS1 3 1
c0978 r50 3 2
c0978 r27 4 2
c0978 r27 4 3
c0978 r51 4 4
c0985 r38 0 0
c0985 r27 0 2
c0985 r36 0 3
c0985 rDS2 3 0
c0985 r38 3 1
c0985 r36 3 2
c0985 rDS2 4 1
c1007 rB 1 4
c1007 rA 3 0
c1007 rG 4 2
c1044 r52 0 0
c1044 r38 0 1
c1044 rDS1 0 2
c1044 rDS1 1 0
c1044 r52 1 3
c1044 r38 2 3
c1044 r38 4 4
c0798 rR 0 1
c0798 rR 1 4
c0798 r31 2 4
c0798 r25 4 1
c0798 r50 4 2
c0741 rA 0 3
c0741 rB 1 0
c0741 rA 1 1
c0741 rA 1 4
c0741 rL 2 1
c0741 rB 4 3
c0196 r51 1 0
c0196 rD 1 4
c0196 rD 2 2
c0196 rD 2 3
c0196 rG 3 2
