c0006 rC 0 3
c0006 rC 2 4
c0007 rC 1 7
c0007 rC 2 3
c0008 rC 0 0
c0008 rC 0 1
c0008 rC 0 7
c0008 rC 0 8
c0008 rC 1 0
c0008 rC 1 3
c0008 rC 1 8
c0008 rC 2 0
c0008 rC 2 1
c0009 rC 0 2
c0009 rC 0 4
c0009 rC 1 1
c0009 rC 1 2
c0009 rC 4 3
c0009 rC 4 4
c0009 rC 4 5
c0017 rC 2 6
c0017 rC 3 6
c0017 rC 4 1
c0018 rC 1 5
c0018 rC 1 6
c0018 rC 2 7
c0018 rC 3 0
c0018 rC 3 2
c0018 rC 3 4
c0018 rC 3 8
c0018 rC 4 2
c0018 rC 4 7
c0019 rC 2 5
c0019 rC 2 8
c0019 rC 3 1
c0019 rC 3 5
c0019 rC 3 7
c0019 rC 4 0
c0019 rC 4 6
c0019 rC 4 8
c0079 rG 1 0
c0079 rG 2 4
c0079 rG 2 5
c0079 rG 3 2
c0079 rG 4 5
c0079 rG 4 6
c0081 rO 0 6
c0081 rO 1 7
c0081 rO 1 8
c0081 rO 2 5
c0081 rO 2 6
c0081 rO 3 2
c0082 rF 0 6
c0082 rF 1 5
c0082 rF 1 6
c0082 rF 3 6
c0082 rF 4 3
c0083 rF 1 0
c0083 rF 2 5
c0083 rF 2 6
c0083 rF 3 2
c0083 rF 4 4
c0085 rO 1 5
c0085 rO 2 2
c0085 rO 2 3
c0085 rO 3 6
c0085 rO 4 4
c0026 rLUF2 0 7
c0026 rLUF2 1 4
c0026 rLUF2 2 7
c0026 rLUF2 2 8
c0026 rLUF2 4 1
c0026 rLUF2 4 2
c0027 rLUF2 0 8
c0027 rLUF2 1 1
c0027 rLUF2 1 2
c0027 rLUF2 3 4
c0027 rLUF2 3 5
c0027 rLUF2 4 0
c0028 rLUF2 1 3
c0028 rLUF2 3 3
c0028 rLUF2 4 3
c0034 rO 0 5
c0034 rO 1 1
c0034 rO 3 1
c0034 rO 3 4
c0034 rO 3 5
c0034 rO 4 2
c0036 rO 1 2
c0036 rO 1 3
c0036 rO 1 4
c0036 rO 2 7
c0036 rO 3 3
c0036 rO 4 8
c0038 rLUF2 0 3
c0038 rLUF2 0 4
c0038 rLUF2 1 6
c0038 rLUF2 2 4
c0038 rLUF2 2 6
c0038 rLUF2 3 8
c0040 rLUF2 1 5
c0040 rLUF2 2 1
c0040 rLUF2 2 5
c0040 rLUF2 3 2
c0040 rLUF2 4 5
c0042 rG 1 2
c0042 rG 2 7
c0042 rG 2 8
c0042 rG 3 0
c0042 rG 4 1
c0044 rC 0 5
c0044 rC 0 6
c0044 rC 1 4
c0044 rC 2 2
c0044 rC 3 3
c0045 rLUF2 0 2
c0045 rLUF2 2 0
c0045 rLUF2 3 7
c0045 rLUF2 4 4
c0045 rLUF2 4 6
c0045 rLUF2 4 7
c0107 rF 0 7
c0107 rF 1 2
c0107 rF 2 1
c0107 rF 2 2
c0107 rF 2 4
c0107 rF 3 0
c0108 rG 0 8
c0108 rG 1 1
c0108 rG 1 3
c0108 rG 2 3
c0108 rG 3 1
c0108 rG 3 3
c0108 rG 3 4
c0108 rG 4 7
c0108 rG 4 8
c0109 rG 0 3
c0109 rG 0 6
c0109 rG 1 8
c0109 rG 3 6
c0110 rF 1 7
c0110 rF 3 4
c0110 rF 3 7
c0110 rF 3 8
c0110 rF 4 0
c0110 rF 4 1
c0110 rF 4 7
c0111 rF 3 3
c0111 rF 4 6
c0113 rLUF2 1 8
c0113 rLUF2 3 6
c0113 rLUF2 4 8
c0115 rG 0 1
c0115 rG 0 7
c0115 rG 1 7
c0115 rG 2 2
c0115 rG 3 7
c0115 rG 3 8
c0116 rG 0 2
c0116 rG 1 6
c0116 rG 2 0
c0116 rG 2 1
