c0012 rD 0 2
c0012 r37 1 0
c0012 rD 4 3
c0013 r27 1 1
c0013 r51 1 3
c0013 r52 4 1
c0035 r31 1 3
c0035 r31 2 3
c0035 r37 2 4
c0036 rDS2 0 0
c0036 r38 1 2
c0036 r51 4 3
c0045 rDS1 0 4
c0045 rDS1 2 1
c0045 rH 1 3
c0052 rF 3 2
c0052 rA 3 3
c0052 rF 4 3
c0053 rL 1 0
c0053 rDS2 2 4
c0053 rL 4 2
c0055 rL 1 2
c0055 rDS2 0 3
c0055 rH 0 4
c0057 rDS1 1 1
c0057 rDS2 2 0
c0057 rD 3 3
c0060 rH 0 2
c0060 rE 1 3
c0060 rH 2 3
c0094 r51 0 3
c0094 r51 0 4
c0094 rH 2 2
c0098 rL 0 2
c0098 rL 3 2
c0098 rL 2 4
c0104 rD 0 1
c0104 rD 1 4
c0104 rB 4 4
c0107 rF 1 3
c0107 r51 2 3
c0107 rD 2 4
c0112 rF 0 2
c0112 r51 1 0
c0112 rH 1 2
c0114 rF 2 3
c0114 r51 3 1
c0114 rDS2 4 3
c0116 rF 0 4
c0116 rF 4 0
c0116 rB 4 1
c0117 rL 1 1
c0117 rE 2 0
c0117 rL 3 4
c0130 rL 0 1
c0130 rL 0 3
c0130 rE 2 1
c0148 rH 0 1
c0148 rF 2 0
c0148 rF 3 4
c0149 rH 0 3
c0149 rL 3 1
c0149 rE 4 3
c0150 rE 0 0
c0150 rE 1 0
c0150 rD 3 0
c0177 rH 0 0
c0177 rA 1 0
c0177 rA 3 0
c0179 rF 1 1
c0179 rB 2 0
c0179 rF 2 1
c0181 rL 0 4
c0181 rE 3 3
c0181 rE 4 2
c0198 rF 0 0
c0198 rDS2 1 2
c0198 rB 1 0
c0210 r51 0 0
c0210 r51 1 1
c0210 rB 3 0
c0214 rB 0 1
c0214 rB 2 1
c0214 rE 3 1
c0218 rE 0 4
c0218 rB 4 0
c0218 rA 4 4
c0223 rB 1 4
c0223 rD 2 3
c0223 rF 2 4
c0224 rD 0 3
c0224 rL 2 0
c0224 rD 2 1
c0226 rE 0 2
c0226 rL 1 4
c0226 rD 3 2
c0227 rA 1 1
c0227 r51 1 4
c0227 rA 3 1
c0441 r27 0 1
c0441 r38 1 1
c0441 r50 2 0
c0441 r27 3 1
c0441 rF 4 1
c0249 r50 3 4
c0249 r51 4 2
c0249 r50 4 3
c0254 rF 0 1
c0254 rF 2 2
c0254 rF 3 1
c0271 rE 1 1
c0271 rE 4 0
c0271 rH 4 1
c0343 rH 1 1
c0343 rB 4 2
c0343 rH 4 4
c0344 rH 3 1
c0344 r27 4 0
c0344 rH 4 3
c0378 rD 0 4
c0378 rH 3 3
c0378 rH 4 0
c0409 r31 0 2
c0409 r31 0 4
c0409 r31 1 2
c0411 rD 1 3
c0411 rH 2 4
c0411 rL 3 3
c0457 r36 0 2
c0457 r36 1 4
c0457 rH 2 0
c0497 r38 1 0
c0497 r37 2 3
c0497 r51 3 3
c0503 r51 2 1
c0503 rA 2 4
c0503 rF 3 0
c0503 rA 3 2
c0503 rA 3 4
c0506 rB 2 2
c0506 r50 2 3
c0506 rF 3 3
c0527 r37 1 2
c0527 rL 2 3
c0527 r31 3 1
c0532 r38 0 1
c0532 rE 3 0
c0532 rE 3 2
c0534 r51 2 0
c0534 r50 2 1
c0534 r50 3 3
c0465 rD 0 0
c0465 rE 1 2
c0465 rD 2 0
c0465 rD 2 2
c0465 rD 4 1
c0737 r25 1 2
c0737 r25 1 3
c0737 rDS2 2 1
c0771 rDS1 0 2
c0771 r37 2 0
c0771 r37 2 2
c0771 rDS1 4 2
c0883 r31 1 1
c0883 rDS2 0 4
c0883 rDS2 2 3
c0883 rDS2 2 2
c0883 rDS2 3 3
c0883 rDS2 4 1
c0883 r31 4 2
c0884 rDS2 0 2
c0884 rB 1 1
c0884 rA 2 1
c0884 r27 2 2
c0884 r38 3 3
c0884 r27 4 2
c0884 r27 4 4
c0901 rF 1 0
c0901 rL 2 2
c0901 rF 4 2
c0917 rE 2 2
c0917 r52 2 3
c0917 rE 4 1
c0918 r37 2 1
c0918 r27 3 3
c0918 r52 3 4
c0933 r25 2 3
c0933 rDS1 3 0
c0933 rL 4 4
c0938 r52 1 0
c0938 rE 2 3
c0938 r31 3 2
c0953 rB 0 0
c0953 r50 1 3
c0953 r50 1 4
c0953 r52 2 0
c0953 rB 2 4
c0953 rB 3 3
c0953 r50 4 1
c0969 r52 0 4
c0969 r37 1 4
c0969 r36 2 1
c0969 rB 2 3
c0969 r50 2 4
c0969 r36 3 3
c0969 r37 4 2
c0972 r50 0 2
c0972 r50 0 4
c0972 r38 2 3
c0972 r31 2 4
c0972 rDS2 3 4
c0972 r31 4 1
c0972 r31 4 4
c0978 r52 0 2
c0978 r52 1 1
c0978 r52 1 2
c0978 r52 1 3
c0978 r52 2 4
c0978 rB 3 2
c0978 r52 4 0
c0995 r27 1 0
c0995 rE 2 4
c0995 r25 3 2
c1007 rA 0 1
c1007 rB 1 2
c1007 rB 3 4
c0923 rH 2 1
c0923 rDS1 2 3
c0923 rH 3 4
c0923 r25 4 3
c0923 rDS1 4 4
c0798 r37 0 3
c0798 r31 1 0
c0798 rF 1 4
c0798 r37 3 4
c0798 r50 4 4
c0741 rA 0 0
c0741 rE 0 1
c0741 rB 0 2
c0741 rE 0 3
c0741 rA 2 0
c0196 r52 0 1
c0196 r27 0 3
c0196 rA 1 3
c0196 r52 2 1
c0196 rDS1 3 2
c0014 rA 0 4
c0014 r51 1 2
c0014 rA 2 2
c0014 rA 2 3
c0014 r51 3 0
c0233 rB 0 3
c0233 rD 1 0
c0233 rL 2 1
c0233 rH 3 2
c0233 rD 4 2
c0828 rDS1 0 0
c0828 r25 0 2
c0828 rDS1 1 4
c0828 rD 3 4
c0828 rD 4 0
c0456 rD 1 1
c0456 rD 1 2
c0456 r51 2 2
c0456 rD 3 1
c0456 r51 4 1
c0535 rF 0 3
c0535 rDS2 1 3
c0535 r27 1 4
c0535 rDS1 2 4
c0535 rDS2 4 2
c0510 rL 0 0
c0510 r51 0 2
c0510 r51 0 1
c0510 rL 3 0
c0510 rE 4 4
c0909 rDS1 1 3
c0909 r27 2 1
c0909 rE 3 4
