LinTed1 r15 1 5
AlfInf r14 2 4
LetIta1 rA 0 0
LetIta1 rA 0 1
LetIta1 rA 2 1
FilTesItaCS rB 0 3
FilTesItaCS rB 1 2
FilTesItaCS rB 4 2
LinGreA r15 0 2
LinGreA r15 1 3
LinGreA r15 3 2
LinLatA rM 4 4
LinLatA rM 4 5
LinLetGre1 rB 4 4
LinLetGre1 rB 5 0
LinLetGre1 rB 5 1
LinLetLat1 rA 0 5
LinLetLat1 rA 1 0
LinLetLat1 rA 1 1
LetCriAnt rB 1 3
LetCriAnt r10 2 1
LetCriAnt rB 4 3
Papiro rA 3 5
Papiro rA 4 4
Papiro rA 4 5
EpiGre rB 0 2
EpiGre rL 3 4
EpiGre rA 5 1
StoMod1 rA 0 3
StoMod1 rA 1 2
StoMod1 rA 2 2
StoCon rA 1 3
StoCon rA 1 4
Geo2 r15 2 1
Geo2 r15 3 0
Geo2 r15 4 1
AntCul1 rA 0 4
AntCul1 rA 3 1
AntCul1 rA 4 2
StoFil1 r10 0 3
StoFil1 r10 2 0
StoFil1 r10 2 2
StoCriChi rM 2 4
StoCriChi rM 2 5
StoCriChi rM 5 0
StoSci rL 3 2
StoSci rL 3 3
StoSci rL 5 1
MetRicArc rM 0 2
MetRicArc rM 1 3
MetRicArc rM 2 3
ArcCla1 rB 1 4
ArcCla1 rB 2 2
ArcCla1 rB 3 3
LinLatB rC1 3 2
LinLatB rC1 5 0
LinLatB rC1 5 1
Numism rM 0 1
Numism rM 1 2
Numism rM 3 3
PrePro r15 0 0
PrePro r15 2 3
PrePro r15 2 4
StoVicOriAnt rM 0 0
StoVicOriAnt rM 2 1
StoVicOriAnt rM 3 4
ArcEge rM 3 2
ArcEge rM 4 0
ArcEge rM 4 1
FilSem r15 0 3
FilSem r15 2 0
FilSem r15 3 3
LegBenCul1 rB 2 1
LegBenCul1 rB 3 4
Bibeco r10 0 4
Bibeco rL 1 3
Bibeco r10 1 4
ConBenArcLib rC1 0 5
ConBenArcLib rC1 2 3
ConBenArcLib rC1 3 3
ResBenArcLib rB 3 0
ResBenArcLib rB 3 1
ResBenArcLib rB 3 2
InfArcBib r10 0 1
InfArcBib r10 4 2
InfArcBib r10 4 3
TeoTecCatCla rB 2 3
TeoTecCatCla rB 2 4
TeoTecCatCla rB 2 5
StoArtMed1 rA 3 3
StoArtMed1 rA 4 1
StoArtMed1 rA 4 3
IcoIcoA r10 0 5
IcoIcoA r10 1 1
IcoIcoA r10 2 3
IcoIcoB rA 3 0
IcoIcoB rA 5 2
IcoIcoB rA 5 3
StoArtMod1 rB 1 5
StoArtMod1 rB 2 0
MetRicStoArt r10 1 3
MetRicStoArt r10 5 0
MetRicStoArt r10 5 1
StoArtLatAmeA rB 0 0
StoArtLatAmeA rB 0 1
StoArtLatAmeA rB 1 0
StoArtCon1 rA 2 3
StoArtCon1 rB 4 0
StoArtCon1 rB 4 1
PsiArt r14 1 5
PsiArt r14 2 2
PsiArt r14 5 0
ArcPae rA 0 2
LetIta4CS rL 0 3
LetIta4CS rL 3 0
LetIta4CS rL 3 1
StoGreCS rL 0 1
StoGreCS rL 1 2
StoGreCS rL 2 0
StoMedCS r10 3 1
StoMedCS r10 3 2
StoMedCS r10 4 4
BioArcCS rC1 1 3
BioArcCS rC1 1 4
BioArcCS rC1 2 2
Antrop rC1 0 4
Antrop rC1 1 2
Antrop rC1 2 0
LegBenCul2 rA 1 5
LegBenCul2 rA 3 2
LegBenCul2 r10 4 1
StoArtMed2CS r10 3 4
StoArtMed2CS r10 3 5
StoArtMed2CS r10 4 0
ChiAppBenCul rO 0 2
ChiAppBenCul rO 1 4
ChiAppBenCul rO 2 1
StoArc rC1 0 3
StoArc rC1 3 5
StoArc rC1 4 3
StoArt rM 0 5
StoArt rM 1 1
StoArt rM 2 0
FonSocAntCulI r10 0 2
FonSocAntCulI rL 2 3
FonSocAntCulI r10 3 0
Bibgra rB 0 4
Bibgra rA 2 4
Bibgra rA 2 5
BibgraCS rL 0 4
BibgraCS rL 2 4
BibgraCS rL 2 5
