ChiGenAn rD 0 1
ChiGenAn rD 1 0
ChiGenAn rD 3 3
GeoAn rB 0 2
GeoAn rB 3 0
GeoAn rB 3 1
CamEleAn r52 1 4
CamEleAn r52 3 2
CamEleAn r52 4 0
FonChiAn r50 0 4
FonChiAn r50 1 1
FonChiAn rDS2 2 3
IngConAn rF 0 0
IngConAn rE 1 0
IngConAn rG 2 2
StrIndAn r36 0 1
StrIndAn r36 3 4
StrIndAn r36 4 1
TecCosAn r38 0 0
TecCosAn r38 2 1
TecCosAn r38 3 3
Mat1Cn rF 1 0
Mat1Cn rF 2 0
Mat1Cn rF 3 0
Mat1Cn rF 4 0
Mat1Cn rF 4 1
MecRazCn rB 0 3
MecRazCn rB 1 1
MecRazCn rB 4 3
DisCn rF 1 2
DisCn rE 3 2
DisCn rE 4 4
TecMatCn rD 0 2
TecMatCn rD 3 1
TecMatCn rD 4 2
ArcTecCn rA 0 3
ArcTecCn rA 1 2
ArcTecCn r50 2 2
DisEdiCn rDS2 0 2
DisEdiCn rDS2 1 3
DisEdiCn r38 3 4
Idr2Cn rDS1 1 1
Idr2Cn rDS1 2 3
Idr2Cn rDS1 4 4
Mat1En r27 0 1
Mat1En r27 2 0
Mat1En r27 3 0
Mat1En r27 3 1
Mat1En r27 4 0
ChiStaEn rB 2 2
ChiStaEn rB 3 3
ChiStaEn rB 4 1
ConAutEn rA 0 1
ConAutEn rA 2 3
ConAutEn rA 3 2
RetLogEn r27 0 2
RetLogEn r27 0 3
RetLogEn r27 1 0
TeoRetEn rE 0 0
TeoRetEn rE 2 4
TeoRetEn rE 4 0
ComEleEn rD 1 1
ComEleEn rD 2 2
ComEleEn rD 4 1
EleSis1En rF 2 3
EleSis1En rF 4 2
EleSis1En rF 4 3
MetMatEn rDS1 1 2
MetMatEn rDS1 3 2
MetMatEn rDS1 3 3
RetCal1G1n rA 0 2
RetCal1G1n rD 0 3
RetCal1G1n rD 1 2
Mat1G2n rB 0 0
Mat1G2n rB 0 1
Mat1G2n rB 1 0
Mat1G2n rG 3 1
Mat1G2n rG 4 0
ChiG2n rG 0 2
ChiG2n rD 3 4
ChiG2n rD 4 3
DisComEsG2n rD 2 3
FonMecG2n rF 0 1
FonMecG2n rF 3 3
FonMecG2n rF 4 4
TerAppG2n r27 1 3
TerAppG2n rG 2 4
TerAppG2n r27 3 2
CalProG2n r38 0 4
CalProG2n r38 1 1
CalProG2n r38 2 3
Mat1Mn rG 0 0
Mat1Mn rG 0 1
Mat1Mn rG 1 0
Mat1Mn rG 2 0
Mat1Mn rG 4 1
DisIndMn rL 1 4
DisIndMn rL 4 2
DisIndEsMn rG 0 3
FluMn rD 0 4
FluMn rD 1 3
FluMn rD 3 2
ComMecMn rG 1 1
ComMecMn rA 2 0
ComMecMn rA 3 3
CosMacMn rA 1 0
CosMacMn rA 2 2
CosMacMn rA 3 1
TecMec1Mn rL 1 2
TecMec1Mn rL 3 0
TecMec1Mn rL 3 4
Mat1Ar rF 0 2
Mat1Ar rF 1 4
Mat1Ar rF 3 1
FonInfAr rF 1 3
FonInfAr rF 2 2
FonInfAr rF 3 2
LabEle1Ar r31 0 1
LabEle1Ar r31 0 3
LabEle1Ar r31 2 3
LabEle1Ar r31 2 4
LabEle1Ar r31 3 0
LabEle1Ar r31 3 3
LabEle1Ar r31 3 4
LabEle2Ar r50 0 1
LabEle2Ar r50 2 3
LabEle2Ar r50 3 0
LabEle2Ar r50 3 3
LabEle2Ar r50 3 4
LabEle2Ar r50 4 0
LabEle2Ar r50 4 1
LabEle3Ar r52 0 3
LabEle3Ar r52 1 1
LabEle3Ar r52 1 2
LabEle3Ar r52 2 0
LabEle3Ar r52 2 1
LabEle3Ar r52 4 1
LabEle3Ar r52 4 2
GeoAppAns r50 1 2
GeoAppAns rB 2 0
GeoAppAns rB 4 2
IdrNumAns r36 1 1
IdrNumAns r36 2 3
IdrNumAns r36 3 0
MecSuoAns r38 2 2
MecSuoAns r38 3 2
MecSuoAns r38 4 0
PriIngAns r27 0 4
PriIngAns r27 3 3
PriIngAns r27 4 3
StaPenAns r38 0 1
StaPenAns r38 2 4
StaPenAns r38 4 1
StaAns rDS2 0 0
StaAns rDS2 2 1
StaAns rDS2 3 1
ArcTecCns r36 1 0
ArcTecCns r36 2 1
ArcTecCns r36 3 3
EleTel1Ens rE 1 1
EleTel1Ens rE 2 2
EleTel1Ens rE 4 1
SisTel1Ens r38 1 3
SisTel1Ens rD 2 1
SisTel1Ens r38 4 4
AppIndGns rB 1 3
AppIndGns rB 1 4
AppIndGns rB 2 1
RetCal2Gns r37 1 3
RetCal2Gns r37 1 4
RetCal2Gns r37 2 1
TecCos1Cv rE 0 1
TecCos1Cv rE 2 1
TecCos1Cv rE 4 3
StoArcCv r31 1 1
StoArcCv r31 1 2
StoArcCv r31 2 0
StoArcCv r31 3 2
StoArcCv r31 4 4
TeoStr1Cv r37 0 3
TeoStr1Cv r37 3 3
TeoStr1Cv r37 4 2
MecCom1Cv r37 0 4
MecCom1Cv r37 2 3
MecCom1Cv r37 4 1
ArcComCv rA 0 4
ArcComCv rA 2 4
ArcComCv rA 4 4
CalAut1Cv r37 2 2
CalAut1Cv r37 3 4
CalAut1Cv r37 4 3
CosZonCv r36 0 3
CosZonCv r52 2 3
CosZonCv r52 3 3
ImpTec1Cv rG 2 3
ImpTec1Cv rG 4 2
ImpTec1Cv rG 4 3
IdrAppCv rDS2 0 1
IdrAppCv rDS2 1 4
IdrAppCv r50 2 1
IdrAppCv rDS2 3 0
IdrAppCv r50 3 1
RivSpeCv r36 0 2
RivSpeCv r36 1 3
RivSpeCv r36 2 0
RivSpeCv r36 2 2
RivSpeCv r36 3 2
CalEle1Ev rB 2 3
CalEle1Ev rA 4 2
CalEle1Ev rA 4 3
CamEle1Ev rL 1 0
CamEle1Ev rA 2 1
CamEle1Ev rL 4 0
EleIndEv r52 0 0
EleIndEv r52 0 1
EleIndEv r52 2 4
EleIndEv r52 3 0
EleIndEv r52 3 1
GesAziGv rL 2 0
GesAziGv rL 2 4
GesAziGv rL 3 1
GesAziGv rL 3 2
GesAziGv rL 3 3
ChiInd1Gv rDS1 0 2
ChiInd1Gv rL 0 3
ChiInd1Gv rDS1 1 0
ChiInd1Gv rDS1 1 3
ChiInd1Gv rDS1 2 2
OrgPro1Gv rG 1 3
OrgPro1Gv rG 1 4
OrgPro1Gv rG 2 1
Mac1Mv rL 0 0
Mac1Mv rL 0 1
Mac1Mv rL 1 1
Mac1Mv rL 2 1
Mac1Mv rL 2 3
TerAppMv rL 1 3
TerAppMv rL 2 2
TerAppMv rDS2 3 3
TerAppMv rDS2 4 0
TerAppMv rL 4 1
DisAssMv rE 0 3
DisAssMv rE 1 2
DisAssMv r27 2 2
DisAssMv rE 3 4
DisAssMv r27 4 1
MecVibMn rB 0 4
MecVibMn rE 1 3
MecVibMn rDS1 2 1
MecVibMn rE 3 3
MecVibMn rB 4 0
