c0001 rB 3 1
c0001 rC 0 3
c0001 rC 0 2
c0001 rS 3 3
c0001 rB 3 5
c0001 rB 2 3
c0002 rC 4 4
c0002 rC 2 1
c0002 rG 2 5
c0002 rF 2 2
c0002 rE 1 5
c0002 rF 4 0
c0004 rB 2 4
c0004 rB 3 2
c0004 rB 1 2
c0004 rC 2 0
c0004 rB 3 4
c0004 rC 1 1
c0004 rB 3 0
c0005 rG 1 4
c0005 rF 4 1
c0005 rG 1 0
c0014 rS 0 2
c0015 rG 4 3
c0015 rE 0 5
c0015 rE 4 1
c0015 rF 0 4
c0015 rE 4 2
c0015 rE 3 0
c0015 rE 1 4
c0015 rE 1 3
c0016 rE 1 1
c0016 rE 3 3
c0016 rF 1 2
c0016 rC 2 2
c0016 rG 2 4
c0016 rG 1 5
c0016 rG 3 2
c0017 rG 4 4
c0017 rG 3 1
c0024 rC 4 3
c0024 rB 4 2
c0024 rB 4 5
c0024 rC 1 4
c0025 rB 2 1
c0025 rB 1 1
c0025 rB 4 1
c0025 rB 0 0
c0025 rB 4 0
c0025 rB 1 0
c0025 rB 1 5
c0025 rB 0 1
c0078 rS 0 4
c0078 rF 2 4
c0078 rF 1 3
c0078 rF 2 0
c0078 rS 0 5
c0030 rG 3 4
c0030 rE 4 5
c0030 rF 0 3
c0030 rG 2 1
c0030 rS 1 2
c0031 rG 0 3
c0031 rS 1 0
c0031 rG 2 3
c0031 rF 2 1
c0031 rG 0 5
c0032 rS 1 3
c0033 rB 2 0
c0033 rE 0 1
c0033 rB 2 5
c0033 rC 0 0
c0033 rB 2 2
c0033 rB 0 2
c0057 rF 4 2
c0057 rF 3 5
c0057 rG 0 4
c0057 rF 3 1
c0057 rG 1 2
c0058 rF 1 4
c0058 rG 0 0
c0058 rG 0 1
c0058 rG 4 5
c0058 rF 3 3
c0059 rE 4 4
c0059 rC 2 3
c0059 rF 1 1
c0059 rE 0 0
c0059 rG 2 0
c0059 rG 2 2
c0061 rE 3 4
c0061 rE 3 2
c0061 rF 2 3
c0061 rF 0 1
c0061 rF 4 4
c0061 rE 4 3
c0062 rF 4 5
c0062 rG 4 0
c0062 rC 3 0
c0062 rF 2 5
c0062 rC 4 2
c0063 rC 1 0
c0063 rC 3 4
c0063 rE 2 2
c0063 rB 4 3
c0063 rC 3 2
c0063 rC 4 0
c0064 rE 2 0
c0064 rC 2 5
c0064 rF 0 2
c0064 rF 3 0
c0064 rC 4 5
c0064 rC 4 1
c0065 rG 3 5
c0065 rS 0 1
c0065 rF 3 2
c0065 rF 1 5
c0065 rE 3 1
c0065 rE 2 4
c0066 rB 4 4
c0066 rC 1 5
c0066 rC 2 4
c0066 rC 0 1
c0066 rC 3 5
c0066 rS 1 1
c0067 rG 3 0
c0067 rG 4 2
c0067 rS 0 0
c0067 rG 4 1
c0067 rG 3 3
c0068 rG 1 1
c0068 rE 0 3
c0068 rE 3 5
c0068 rF 0 5
c0068 rE 0 4
c0068 rE 2 3
c0069 rE 0 2
c0069 rF 4 3
c0069 rE 2 5
c0069 rE 1 2
c0069 rC 1 3
c0069 rF 1 0
c0070 rE 1 0
c0070 rG 1 3
c0070 rC 3 1
c0070 rF 0 0
c0070 rE 2 1
c0070 rE 4 0
c0071 rB 3 3
c0071 rB 0 4
c0071 rB 1 3
c0071 rB 0 3
c0071 rB 0 5
c0071 rB 1 4
c0072 rC 1 2
c0072 rC 3 3
c0072 rC 0 5
c0072 rC 0 4
c0072 rF 3 4
c0072 rG 0 2