c0131 rB 0 0
c0131 rB 1 4
c0131 rB 4 3
c0211 rF 0 1
c0211 rF 1 1
c0211 rA 4 1
c0095 rDS1 0 0
c0095 rDS1 1 0
c0095 rDS1 1 1
c0152 rB 0 1
c0152 rB 2 2
c0152 rB 4 4
c0103 rE 0 0
c0103 rE 3 4
c0103 rE 4 4
c0111 rB 0 3
c0111 rB 3 3
c0111 rF 4 3
c0113 rL 0 1
c0113 rL 1 2
c0113 rL 4 2
c0115 rA 0 3
c0115 rA 2 1
c0115 rA 2 3
c0119 r27 1 1
c0119 r27 2 2
c0119 r27 4 3
c0127 r27 2 0
c0127 r27 3 0
c0127 r27 4 0
c0007 r31 0 1
c0007 r31 1 3
c0007 r31 2 2
c0015 r52 0 2
c0015 r52 1 1
c0015 r52 2 4
c0019 r38 1 0
c0019 r52 2 2
c0019 r52 4 3
c0020 r31 1 4
c0020 r31 2 3
c0020 r31 4 2
c0023 rL 1 4
c0023 rL 2 4
c0023 rE 3 3
c0080 r37 1 1
c0080 r52 2 3
c0080 r37 4 2
c0088 rE 0 2
c0088 rE 0 3
c0088 rD 1 4
c0088 rA 3 1
c0088 rE 3 2
c0044 r27 0 1
c0044 r27 1 0
c0044 r27 2 1
c0110 rA 0 4
c0110 rB 1 3
c0110 rE 3 1
c0058 rG 1 1
c0058 rG 2 1
c0058 rG 3 3
c0061 rE 1 3
c0061 rE 1 4
c0061 rE 2 4
c0066 r38 1 2
c0066 r38 2 2
c0066 r38 4 1
c0074 rD 0 2
c0074 rD 0 3
c0074 rD 4 1
c0213 rF 2 0
c0213 rF 3 0
c0213 rF 4 0
c0219 rF 0 3
c0219 rF 1 0
c0219 rF 1 3
c0178 rG 1 0
c0178 rB 3 1
c0178 rG 4 0
c0186 rL 2 1
c0186 rL 3 2
c0186 rL 4 1
c0193 rDS1 2 1
c0193 rDS1 4 0
c0193 rDS1 4 1
c0108 r52 0 1
c0108 r52 2 1
c0108 r52 4 1
c0056 rDS2 1 1
c0056 rDS2 3 0
c0056 rDS2 4 0
c0195 rG 1 2
c0195 rB 3 2
c0195 rG 4 2
c0206 rE 1 1
c0206 rE 3 0
c0206 rE 4 1
c0467 rDS1 0 2
c0467 rDS1 1 4
c0467 rDS1 4 2
c0129 rE 2 0
c0129 rE 2 3
c0129 rE 4 2
c0155 r50 0 2
c0155 r52 0 3
c0155 r52 1 2
c0155 r52 1 3
c0155 r52 3 2
c0155 r52 3 3
c0155 r52 3 4
c0156 rG 0 2
c0156 r50 0 3
c0156 rDS2 1 3
c0156 r50 2 1
c0156 rDS2 2 4
c0156 r50 3 1
c0156 rDS2 3 2
c0157 r31 1 1
c0157 rD 1 2
c0157 rD 1 3
c0157 r31 2 1
c0157 r50 2 4
c0157 r31 3 3
c0157 r31 3 4
c0252 rG 0 3
c0252 rG 1 4
c0252 rG 2 3
c0266 rB 1 0
c0266 rB 1 2
c0266 rB 2 0
c0238 rD 0 0
c0238 rD 1 0
c0238 rD 2 1
c0279 rA 1 2
c0279 rA 4 0
c0279 rA 4 3
c0076 rDS2 2 3
c0076 rDS2 3 3
c0076 rDS2 4 2
c0470 r31 1 2
c0470 r31 2 4
c0470 r31 4 3
c0009 r36 1 2
c0009 r36 2 1
c0009 r36 3 4
c0217 rL 0 4
c0217 rL 1 1
c0217 rL 3 1
c0230 rA 0 0
c0230 rF 2 3
c0230 rF 3 2
c0201 rA 1 3
c0201 rA 2 2
c0201 rF 3 1
c0552 r36 1 1
c0552 r36 2 4
c0552 r36 4 4
c0480 r38 0 1
c0480 r38 3 0
c0480 r38 4 4
c0054 rG 0 4
c0054 rG 1 3
c0054 rG 2 4
c0054 rG 3 1
c0054 rD 3 2
c0455 rG 0 1
c0455 rG 2 2
c0455 rG 4 4
c0602 r38 0 4
c0602 r38 1 1
c0602 r38 2 1
c0559 rE 1 2
c0559 rE 2 2
c0559 r50 4 1
c0069 rL 0 0
c0069 rL 2 0
c0069 rG 4 1
c0295 rB 0 4
c0295 rB 2 3
c0295 rF 2 4
c0295 rB 3 0
c0295 rG 4 3
c0288 r50 2 2
c0288 r50 3 3
c0288 r50 4 2
c0297 r37 0 4
c0297 r37 1 2
c0297 r37 2 3
c0297 r37 2 4
c0297 r37 3 4
c0302 r50 1 3
c0302 r50 2 3
c0302 r50 4 3
c0311 r27 0 2
c0311 r27 1 3
c0311 r27 2 3
c0313 rDS2 0 1
c0313 rDS2 1 2
c0313 rDS2 3 4
c0314 r38 2 3
c0314 r31 3 0
c0314 rL 4 3
c0310 rD 0 1
c0310 rA 2 4
c0310 rL 4 0
c0315 r37 1 3
c0315 rF 2 1
c0315 r37 4 1
c0316 rDS2 0 4
c0316 r38 1 3
c0316 rDS2 4 1
c0298 rDS1 0 3
c0298 rDS1 1 3
c0298 rB 2 1
c0298 rDS1 3 1
c0298 rDS1 3 2
c0304 r37 0 2
c0304 r37 1 4
c0304 r37 2 1
c0304 r37 3 1
c0304 r37 3 2
c0346 rL 0 2
c0346 rL 2 2
c0346 rL 3 0
c0346 rA 3 2
c0346 rL 3 3
c0379 rDS2 2 1
c0379 rF 3 4
c0379 rF 4 4
c0366 r38 0 3
c0366 r38 1 4
c0366 rL 2 3
c0366 r38 2 4
c0366 r38 3 1
c0391 rB 2 4
c0391 rB 3 4
c0391 rB 4 1
c0386 rA 0 2
c0386 rA 3 0
c0386 rA 3 3
c0638 rA 0 1
c0638 rA 1 0
c0638 rA 1 1
c0638 rA 2 0
c0322 rDS1 0 1
c0322 rDS1 1 2
c0322 rDS1 2 2
c0322 rDS1 2 3
c0322 rDS1 3 3
c0323 rE 1 0
c0323 rG 2 0
c0323 rE 2 1
c0326 rD 2 3
c0326 rD 3 3
c0326 rD 4 2
c0327 rD 1 1
c0327 rD 3 1
c0327 rG 3 2
c0336 rDS2 0 2
c0336 rDS2 0 3
c0336 rDS2 1 0
c0337 r50 1 1
c0337 r50 3 4
c0337 r50 4 0
c0307 r36 0 3
c0307 r36 0 4
c0307 r36 1 3
c0307 r36 2 3
c0307 r36 4 3
c0633 rF 0 0
c0633 rF 1 2
c0633 rF 2 2
c0633 rF 4 1
c0633 rF 4 2
c0368 rL 0 3
c0368 rL 1 3
c0368 r31 4 1
c0388 r27 0 0
c0388 r27 1 2
c0388 r27 3 4
c0388 r27 4 2
c0388 rDS1 4 3
