c0012 r27 1 1
c0012 r27 1 2
c0012 r27 3 4
c0013 r38 0 3
c0013 r38 1 0
c0013 r38 2 4
c0014 r52 0 1
c0014 r52 2 0
c0014 r52 2 1
c0035 rEr1 1 4
c0035 rEr1 2 3
c0035 rEr1 3 3
c0036 r38 1 3
c0036 r38 3 2
c0036 r38 4 4
c0045 rG 0 2
c0045 rG 2 2
c0045 rG 3 2
c0052 rA 0 4
c0052 rA 2 3
c0052 rA 4 1
c0055 rDS2 1 1
c0055 rDS2 2 4
c0055 rDS2 3 4
c0057 r51 0 1
c0057 r51 2 1
c0057 r51 3 3
c0060 rDS1 0 3
c0060 rDS1 1 2
c0060 rDS1 3 3
c0094 rG 0 0
c0094 rG 1 0
c0094 rG 3 1
c0098 rB 1 2
c0098 rB 2 0
c0098 rB 3 1
c0104 rF 1 1
c0104 rA 2 2
c0104 rF 3 0
c0107 rDS1 2 3
c0107 rDS1 3 0
c0107 rDS1 4 0
c0112 rDS1 0 1
c0112 rDS1 1 1
c0112 rDS1 2 2
c0114 rB 0 3
c0114 rB 2 1
c0114 rB 4 1
c0116 rD 2 0
c0116 rD 3 3
c0116 rD 4 4
c0117 rG 2 1
c0117 rB 3 4
c0117 rB 4 3
c0130 rG 1 2
c0130 rG 4 1
c0130 rG 4 3
c0148 rB 0 4
c0148 rB 1 1
c0148 rB 4 2
c0149 rA 0 3
c0149 rA 1 3
c0149 rA 3 2
c0150 rB 0 0
c0150 rB 0 1
c0150 rB 1 0
c0163 rF 0 1
c0163 rF 0 2
c0163 rF 1 3
c0177 rDS1 0 0
c0177 rDS1 1 3
c0177 rDS1 3 4
c0179 rD 0 2
c0179 rD 1 4
c0179 rD 2 3
c0181 rG 0 1
c0181 rG 2 4
c0181 rG 3 3
c0198 rDS1 2 1
c0198 rDS1 3 1
c0198 rDS1 4 1
c0210 rF 2 1
c0210 rB 3 0
c0210 rF 4 0
c0214 rF 2 2
c0214 rF 3 1
c0214 rF 4 1
c0218 rD 1 0
c0218 rD 2 2
c0218 rD 3 2
c0223 rD 0 1
c0223 rD 2 1
c0223 rA 3 1
c0224 rB 0 2
c0224 rB 2 3
c0224 rB 3 3
c0226 rF 2 0
c0226 rF 3 2
c0226 rF 4 2
c0227 rG 0 4
c0227 rG 1 4
c0227 rG 4 0
c0233 r52 0 3
c0233 r52 1 3
c0233 r52 4 1
c0249 r27 0 3
c0249 r27 1 3
c0249 r27 4 1
c0254 rB 1 3
c0254 rB 2 2
c0254 rB 3 2
c0271 rA 1 4
c0271 rA 3 0
c0271 rA 4 0
c0409 rN 1 3
c0409 rN 3 0
c0409 rN 4 4
c0416 r52 0 2
c0416 r52 1 2
c0416 r52 4 2
c0420 rDS2 2 2
c0420 rDS2 3 1
c0420 rDS1 4 2
c0441 r50 0 0
c0441 r50 2 3
c0441 r50 4 1
c0447 rDS2 0 3
c0447 rDS2 1 3
c0447 rDS2 4 4
c0456 rEr1 1 3
c0456 r50 2 1
c0456 rEr1 2 2
c0457 r51 0 2
c0457 r51 1 0
c0457 r51 2 0
c0465 rA 1 0
c0465 rA 2 0
c0465 rA 2 1
c0486 r25 1 3
c0486 r52 2 2
c0486 r25 4 4
c0491 r37 0 1
c0491 r37 1 1
c0491 r37 2 1
c0498 r38 1 1
c0498 r38 2 2
c0498 rDS2 3 2
c0501 r36 0 3
c0501 r36 1 1
c0501 r36 2 1
c0506 rDS2 1 4
c0506 rDS2 2 3
c0506 rDS2 3 0
c0527 r36 1 3
c0527 r36 1 4
c0527 r36 2 4
c0510 r50 0 3
c0510 r50 2 2
c0510 r50 3 1
c0510 r50 3 2
c0510 r50 4 2
c0798 rEr1 1 0
c0798 rEr1 2 4
c0798 rEr1 3 1
c0798 rEr1 4 2
c0798 rEr1 4 3
c0670 r25 1 4
c0670 r25 2 3
c0670 r25 4 3
c0738 r38 2 3
c0738 r38 3 3
c0738 r38 3 4
c0745 r25 1 1
c0745 r25 4 0
c0745 r25 4 1
c0773 r51 0 4
c0773 r51 1 1
c0773 r51 3 4
c0814 r34 1 3
c0814 r34 3 3
c0814 r34 4 2
c0815 r34 1 4
c0815 r34 3 1
c0815 r34 4 0
c0828 rN 0 4
c0828 rN 1 4
c0828 rN 4 0
c0844 r37 1 3
c0844 r37 3 3
c0844 r37 4 1
c0741 rA 0 0
c0741 rA 0 1
c0741 rA 0 2
c0741 rA 1 2
c0741 rA 4 2
c0741 rA 4 3
c0845 rDS2 0 1
c0845 rDS2 1 0
c0845 rDS2 4 2
c0850 rEr1 1 1
c0850 rEr1 2 0
c0850 rEr1 3 2
c0851 r50 1 1
c0851 r50 2 4
c0851 r50 4 0
c0854 r37 1 0
c0854 r37 1 4
c0854 r37 2 3
c0854 r37 3 4
c0854 r37 4 2
c0854 r37 4 3
c0854 r37 4 4
c0856 r36 0 2
c0856 r25 2 1
c0856 r36 2 2
c0856 r36 3 1
c0856 r36 3 3
c0856 r36 4 3
c0856 r36 4 4
c0864 r37 0 2
c0864 r37 0 3
c0864 r37 1 2
c0864 r37 2 2
c0864 r52 2 3
c0864 r52 3 1
c0864 r37 3 2
c0866 rN 0 0
c0866 rN 2 1
c0866 rN 2 2
c0866 rN 2 3
c0866 rN 2 4
c0866 rN 3 3
c0866 rN 4 3
c0869 rEr1 0 0
c0869 rEr1 0 2
c0869 rEr1 1 2
c0869 rEr1 2 1
c0869 r50 3 3
c0869 rEr1 4 0
c0869 rEr1 4 1
c0882 r25 1 2
c0882 r27 1 4
c0882 r25 3 1
c0882 r25 3 3
c0882 r25 3 4
c0882 r27 4 3
c0882 r27 4 4
c0884 r51 1 4
c0884 r27 3 0
c0884 r27 3 1
c0884 r27 3 3
c0884 r27 4 0
c0884 r34 4 1
c0884 r34 4 3
c0898 r38 1 4
c0898 r38 3 1
c0898 r38 4 3
c0901 rD 1 1
c0901 rD 3 1
c0901 rD 4 0
c0933 r38 0 1
c0933 r38 3 0
c0933 r38 4 0
c0947 rN 0 3
c0947 rN 1 1
c0947 rN 1 2
c0947 rN 3 1
c0947 rN 3 2
c0947 rN 4 1
c0947 rN 4 2
c0953 r38 0 0
c0953 r27 0 1
c0953 r27 1 0
c0953 r38 2 0
c0953 r27 2 1
c0953 r27 3 2
c0953 r38 4 2
c0969 rDS2 0 2
c0969 rDS2 1 2
c0969 rDS2 2 0
c0969 rDS2 2 1
c0969 rDS2 3 3
c0969 rDS2 4 0
c0969 rDS2 4 1
c0972 r36 0 1
c0972 r25 0 2
c0972 r25 0 3
c0972 r25 2 2
c0972 r36 2 3
c0972 r36 3 2
c0972 r25 4 2
c0978 r34 1 0
c0978 r34 2 2
c0978 r34 2 3
c0978 r34 2 4
c0978 r34 3 0
c0978 r34 3 2
c0978 r34 4 4
c0985 r51 0 3
c0985 r51 1 2
c0985 r51 3 0
c0985 r51 3 1
c0985 r51 4 2
c0985 r51 4 3
c0985 r51 4 4
c1007 rG 0 3
c1007 rG 2 3
c1007 rG 3 4
c1044 rF 0 3
c1044 rF 1 2
c1044 r51 2 2
c1044 r51 2 3
c1044 r51 2 4
c1044 r51 4 0
c1044 r51 4 1
c1148 r52 2 4
c1148 r52 3 3
c1148 r52 4 3
c0196 rD 0 3
c0196 rF 0 4
c0196 rG 1 1
c0196 rD 1 2
c0196 rF 2 3
c0196 rF 2 4
