ChiGenAn rL 0 1
ChiGenAn rE 2 0
ChiGenAn rE 4 1
GeoAn rD 0 2
GeoAn rD 1 2
GeoAn rD 4 3
CamEleAn r36 2 3
CamEleAn r36 3 4
CamEleAn r37 4 0
FonChiAn rDS2 2 2
FonChiAn r52 3 1
FonChiAn r52 4 2
IngConAn rF 0 4
IngConAn rG 2 4
IngConAn rE 3 1
StrIndAn rDS2 0 1
StrIndAn rDS2 1 1
StrIndAn rDS1 4 1
TecCosAn r50 0 3
TecCosAn r50 2 0
TecCosAn r37 3 3
Mat1Cn rA 0 1
Mat1Cn rA 2 0
Mat1Cn rA 2 1
Mat1Cn rA 3 0
Mat1Cn rA 4 0
MecRazCn rD 2 1
MecRazCn rF 3 3
MecRazCn rA 4 2
DisCn rG 0 3
DisCn rG 1 1
DisCn rG 3 4
TecMatCn rG 0 2
TecMatCn rG 1 2
TecMatCn rG 2 2
ArcTecCn rDS1 0 4
ArcTecCn rDS1 2 4
ArcTecCn rL 3 1
DisEdiCn rDS1 1 2
DisEdiCn rDS1 2 3
DisEdiCn rDS1 4 3
Idr2Cn r27 1 4
Idr2Cn r27 2 3
Idr2Cn r27 3 4
Mat1En r27 0 1
Mat1En rA 1 0
Mat1En r27 2 0
Mat1En r27 2 1
Mat1En r27 3 1
ChiStaEn rD 2 3
ChiStaEn rD 3 2
ChiStaEn rD 4 2
ConAutEn rL 2 2
ConAutEn rE 3 3
ConAutEn rL 4 0
RetLogEn rD 0 1
RetLogEn rE 0 2
RetLogEn rE 0 3
TeoRetEn rD 2 4
TeoRetEn rB 3 4
TeoRetEn rG 4 1
ComEleEn rG 1 0
ComEleEn rA 2 4
ComEleEn rG 3 3
EleSis1En rE 2 1
EleSis1En rL 4 2
EleSis1En rF 4 3
MetMatEn r37 1 2
MetMatEn r37 2 3
MetMatEn r37 4 1
RetCal1G1n rE 1 2
RetCal1G1n rE 4 0
RetCal1G1n rF 4 1
Mat1G2n rG 0 0
Mat1G2n rG 0 1
Mat1G2n rG 2 1
Mat1G2n rL 3 0
Mat1G2n rL 4 1
ChiG2n rA 2 2
ChiG2n rA 3 2
ChiG2n rA 4 3
DisComEsG2n rD 4 4
FonMecG2n rA 0 4
FonMecG2n rF 1 2
FonMecG2n rF 2 0
TerAppG2n rD 0 3
TerAppG2n rG 2 3
TerAppG2n rD 3 1
CalProG2n rD 1 0
CalProG2n rDS2 2 1
CalProG2n rDS2 3 1
Mat1Mn r27 0 0
Mat1Mn rF 1 0
Mat1Mn rF 3 1
Mat1Mn r27 4 0
Mat1Mn r27 4 1
DisIndMn rE 1 3
DisIndMn rL 2 1
DisIndEsMn rE 3 4
FluMn rA 0 3
FluMn rA 3 3
FluMn rA 4 4
ComMecMn rB 2 3
ComMecMn rA 3 1
ComMecMn rA 4 1
CosMacMn rD 1 3
CosMacMn rD 2 2
CosMacMn rD 4 0
TecMec1Mn rL 0 3
TecMec1Mn rL 1 2
TecMec1Mn rL 3 2
Mat1Ar rE 0 4
Mat1Ar rE 1 4
Mat1Ar rF 2 3
FonInfAr rF 0 3
FonInfAr rD 3 3
FonInfAr rD 4 1
LabEle1Ar rB 1 1
LabEle1Ar rB 1 2
LabEle1Ar rB 2 2
LabEle1Ar r31 3 2
LabEle1Ar rDS2 3 4
LabEle1Ar rDS2 4 2
LabEle1Ar r27 4 3
LabEle2Ar r50 1 3
LabEle2Ar r31 2 2
LabEle2Ar r52 3 2
LabEle2Ar r31 3 4
LabEle2Ar r50 4 0
LabEle2Ar r50 4 3
LabEle2Ar r50 4 4
LabEle3Ar rF 0 0
LabEle3Ar rF 0 1
LabEle3Ar rF 1 3
LabEle3Ar rF 2 4
LabEle3Ar rF 3 2
LabEle3Ar rF 3 4
LabEle3Ar rF 4 0
GeoAppAns r36 1 4
GeoAppAns r36 3 2
GeoAppAns rF 4 2
IdrNumAns r31 0 3
IdrNumAns r31 2 0
IdrNumAns rDS2 4 3
MecSuoAns rE 0 1
MecSuoAns r38 3 1
MecSuoAns r52 4 4
PriIngAns r36 2 2
PriIngAns r37 3 1
PriIngAns r36 4 4
StaPenAns r36 0 2
StaPenAns r36 2 1
StaPenAns r36 4 1
StaAns r37 0 4
StaAns r38 1 3
StaAns r31 3 3
ArcTecCns r50 1 2
ArcTecCns r50 2 2
ArcTecCns r50 3 3
EleTel1Ens rDS1 3 0
EleTel1Ens rDS1 3 1
EleTel1Ens rDS1 3 2
SisTel1Ens r27 1 3
SisTel1Ens r27 2 2
SisTel1Ens r27 3 3
AppIndGns rF 1 4
AppIndGns rG 2 0
AppIndGns rG 3 0
RetCal2Gns r37 1 4
RetCal2Gns r37 2 2
RetCal2Gns r37 2 4
TecCos1Cv rB 0 3
TecCos1Cv rB 1 3
TecCos1Cv rB 3 0
StoArcCv r50 1 4
StoArcCv r50 2 3
StoArcCv r50 3 2
StoArcCv r50 4 1
StoArcCv r50 4 2
TeoStr1Cv rDS1 2 2
TeoStr1Cv rDS1 3 3
TeoStr1Cv rDS1 4 4
MecCom1Cv r37 1 1
MecCom1Cv r37 2 1
MecCom1Cv r37 3 4
ArcComCv rDS1 1 1
ArcComCv rB 1 4
ArcComCv rB 4 4
CalAut1Cv r31 1 3
CalAut1Cv r31 3 0
CalAut1Cv r31 3 1
CosZonCv r38 1 0
CosZonCv r38 3 4
CosZonCv r38 4 3
ImpTec1Cv rE 2 2
ImpTec1Cv rE 4 2
ImpTec1Cv rE 4 3
IdrAppCv r50 1 1
IdrAppCv r37 1 3
IdrAppCv r38 2 1
IdrAppCv r38 3 2
IdrAppCv r38 4 1
RivSpeCv r38 1 2
RivSpeCv r38 2 0
RivSpeCv r38 3 3
RivSpeCv r38 4 0
RivSpeCv r38 4 4
CalEle1Ev rB 2 0
CalEle1Ev rB 2 1
CalEle1Ev rB 4 2
CamEle1Ev rF 1 1
CamEle1Ev rF 2 2
CamEle1Ev rG 3 2
EleIndEv r27 0 2
EleIndEv r27 0 3
EleIndEv rG 0 4
EleIndEv rDS1 1 3
EleIndEv rDS1 1 4
GesAziGv rL 0 0
GesAziGv rL 0 4
GesAziGv rL 1 1
GesAziGv rL 1 3
GesAziGv rL 2 3
ChiInd1Gv r31 0 2
ChiInd1Gv r31 1 0
ChiInd1Gv r31 2 1
ChiInd1Gv r31 2 4
ChiInd1Gv r27 3 0
OrgPro1Gv rL 2 4
OrgPro1Gv rL 3 3
OrgPro1Gv rL 3 4
Mac1Mv rB 0 1
Mac1Mv rL 1 4
Mac1Mv rL 2 0
Mac1Mv rB 3 1
Mac1Mv rB 3 3
TerAppMv r52 0 4
TerAppMv r52 1 3
TerAppMv r52 2 1
TerAppMv rG 4 0
TerAppMv r52 4 1
DisAssMv r50 0 4
DisAssMv rDS2 1 2
DisAssMv rG 3 1
DisAssMv rDS2 3 2
DisAssMv rDS2 4 1
MecVibMn r52 0 3
MecVibMn r52 1 1
MecVibMn r52 2 3
MecVibMn r52 3 0
MecVibMn rDS1 4 0
