c0007 r34 1 3
c0007 r51 3 1
c0007 r34 4 1
c0009 r34 1 2
c0009 r34 2 2
c0009 r34 3 2
c0015 rEr1 2 1
c0015 rEr1 3 4
c0015 rEr1 4 3
c0019 rEr2 1 3
c0019 rEr2 2 3
c0019 rDS2 3 3
c0020 rEr2 0 2
c0020 rEr2 1 2
c0020 rEr2 2 2
c0023 rB 1 4
c0023 rB 2 1
c0023 rB 3 0
c0024 r51 0 3
c0024 r51 3 2
c0024 r51 4 2
c0044 rL 0 4
c0044 rL 1 0
c0044 rL 3 3
c0047 rDS1 1 4
c0047 rDS1 3 0
c0047 rDS1 4 0
c0049 rDS2 1 3
c0049 rEr2 2 1
c0049 rEr2 3 0
c0053 r52 0 0
c0053 r52 1 0
c0053 r52 3 4
c0056 rL 0 0
c0056 rL 1 1
c0056 rL 2 0
c0058 rL 0 1
c0058 rL 1 2
c0058 rL 4 2
c0061 r52 0 2
c0061 r52 2 3
c0061 r52 3 1
c0062 r52 0 3
c0062 r52 1 4
c0062 r52 2 0
c0069 rB 0 3
c0069 rB 2 4
c0069 rB 3 2
c0072 rA 1 0
c0072 rA 1 1
c0072 rL 2 4
c0074 rEr1 0 4
c0074 rEr1 2 4
c0074 rEr1 4 0
c0088 rB 0 4
c0088 rDS1 1 0
c0088 rG 1 4
c0088 rB 3 1
c0088 rF 4 1
c0095 rDS1 0 2
c0095 rDS1 1 3
c0095 rDS1 2 4
c0103 rD 0 1
c0103 rD 2 2
c0103 rD 3 0
c0106 rF 2 1
c0106 rF 4 2
c0106 rF 4 3
c0108 rA 1 4
c0108 rL 2 2
c0108 rA 4 3
c0110 rD 1 4
c0110 rD 2 1
c0110 rD 4 1
c0113 rL 0 2
c0113 rL 2 3
c0113 rL 3 2
c0115 rG 0 1
c0115 rG 1 0
c0115 rG 3 3
c0118 r36 0 0
c0118 r50 2 3
c0118 r50 3 4
c0127 rD 1 2
c0127 rD 2 3
c0127 rD 4 2
c0129 rF 0 3
c0129 rA 2 1
c0129 rF 3 4
c0131 rF 0 2
c0131 rF 1 1
c0131 rF 1 4
c0132 rG 2 0
c0132 rG 2 3
c0132 rG 3 1
c0133 rG 0 4
c0133 rD 1 1
c0133 rB 4 1
c0133 rD 4 3
c0133 rG 4 4
c0152 rA 0 4
c0152 rA 1 3
c0152 rA 3 1
c0153 rB 0 0
c0153 rB 0 1
c0153 rB 4 0
c0162 rA 0 3
c0162 rA 2 0
c0162 rA 3 2
c0178 rL 1 4
c0178 rL 3 1
c0178 rL 4 3
c0191 rD 0 2
c0191 rD 2 0
c0191 rD 3 1
c0193 rG 0 3
c0193 rG 3 0
c0193 rG 4 2
c0195 rL 2 1
c0195 rL 3 0
c0195 rL 4 1
c0201 rA 0 0
c0201 rA 0 1
c0201 rA 3 4
c0203 rDS1 1 2
c0203 rDS1 2 1
c0203 rDS1 2 3
c0206 rB 1 3
c0206 rDS1 2 0
c0206 rB 4 2
c0211 rF 0 1
c0211 rB 1 1
c0211 rB 2 3
c0213 rA 1 2
c0213 rA 2 2
c0213 rA 3 0
c0217 rL 0 3
c0217 rL 1 3
c0217 rA 4 2
c0219 rB 0 2
c0219 rB 1 2
c0219 rB 4 3
c0221 rDS1 0 1
c0221 rA 2 4
c0221 rDS1 4 2
c0225 rDS1 0 0
c0225 rA 2 3
c0225 rDS1 3 3
c0230 rF 0 4
c0230 rF 2 0
c0230 rF 4 0
c0232 rD 0 3
c0232 rD 1 3
c0232 rD 4 4
c0238 rF 0 0
c0238 rF 1 0
c0238 rF 2 4
c0252 rG 1 3
c0252 rG 3 2
c0252 rG 4 3
c0253 rF 1 2
c0253 rF 2 2
c0253 rDS1 3 2
c0257 rB 2 0
c0257 rB 2 2
c0257 rB 3 3
c0279 rF 1 3
c0279 rF 2 3
c0279 rF 3 2
c0411 rDS2 2 3
c0411 rF 3 0
c0411 rDS2 4 0
c0412 rEr1 1 3
c0412 rN 2 2
c0412 r51 3 3
c0423 r37 0 0
c0423 r37 1 3
c0423 r37 4 3
c0428 r38 0 2
c0428 r38 1 1
c0428 r38 4 4
c0430 rEr1 0 3
c0430 r51 1 0
c0430 rEr1 3 1
c0432 r37 0 1
c0432 r37 2 1
c0432 r37 3 3
c0443 rDS2 0 0
c0443 rDS2 1 1
c0443 rDS2 2 0
c0444 r36 0 1
c0444 r36 3 3
c0444 r36 4 2
c0449 rDS2 0 4
c0449 rDS2 1 4
c0449 rDS2 3 4
c0455 rEr2 0 0
c0455 rEr2 1 1
c0455 rEr2 2 4
c0464 rDS1 0 3
c0464 rDS1 2 2
c0464 r50 4 1
c0467 r36 1 4
c0467 r36 2 1
c0467 r36 4 4
c0478 rEr2 0 3
c0478 rEr2 3 4
c0478 rEr2 4 1
c0479 r34 2 3
c0479 r36 3 2
c0479 r34 3 3
c0487 r27 1 0
c0487 r27 2 4
c0487 r27 3 0
c0489 rN 1 3
c0489 r51 2 3
c0489 rN 4 0
c0496 r50 0 2
c0496 r50 1 4
c0496 r50 4 2
c0497 r34 1 1
c0497 r34 3 1
c0497 r34 4 2
c0503 rEr2 0 1
c0503 rEr2 3 3
c0503 rEr2 4 0
c0504 rN 0 0
c0504 rN 1 2
c0504 rN 3 1
c0512 r50 1 3
c0512 r50 2 2
c0512 rEr2 4 3
c0515 rA 0 2
c0515 rD 3 2
c0515 rA 4 0
c0515 rA 4 1
c0520 rG 0 0
c0520 rG 1 2
c0520 rF 3 1
c0526 r27 0 1
c0526 rG 2 1
c0526 r27 4 4
c0530 rEr1 1 2
c0530 rEr1 3 2
c0530 rEr1 4 4
c0532 r51 0 1
c0532 r51 2 1
c0532 r51 3 4
c0534 rEr2 1 4
c0534 r25 2 3
c0534 r52 4 4
c0535 r37 0 2
c0535 r37 1 0
c0535 r37 3 2
c0537 r52 0 1
c0537 r25 3 2
c0537 r52 4 0
c0538 r36 2 4
c0538 r36 3 0
c0538 r36 4 1
c0539 r38 0 1
c0539 r38 1 4
c0539 r38 2 4
c0554 r37 0 4
c0554 r37 1 4
c0554 r37 2 3
c0602 r36 0 2
c0602 r36 1 2
c0602 r36 2 2
c0722 rD 2 4
c0722 rD 3 3
c0722 rD 4 0
c0723 r25 0 2
c0723 rEr1 2 0
c0723 r38 3 2
c0725 rEr2 0 4
c0725 rEr1 1 1
c0725 rEr1 2 3
c0730 r25 2 0
c0730 rN 3 2
c0730 r25 4 1
c0737 r25 0 4
c0737 r25 1 2
c0737 r25 3 1
c0742 r52 0 4
c0742 r52 2 4
c0742 r52 3 2
c0746 rDS1 1 1
c0746 rDS1 3 1
c0746 rDS1 4 1
c0789 rN 0 3
c0789 rN 1 4
c0789 rN 4 4
c0794 r37 0 3
c0794 r37 1 1
c0794 r37 3 0
c0795 rN 1 0
c0795 rN 3 3
c0795 rN 4 2
c0804 r51 1 1
c0804 r51 3 0
c0804 r51 4 1
c0807 rDS2 1 2
c0807 rDS2 3 1
c0807 rDS2 4 2
c0808 r27 0 4
c0808 r27 1 3
c0808 r27 4 3
c0812 rDS2 0 1
c0812 rDS2 3 2
c0812 rDS2 4 1
c0813 r25 1 1
c0813 r25 2 1
c0813 rEr2 3 1
c0822 r25 0 3
c0822 r25 1 4
c0822 r25 4 2
c0835 r34 2 0
c0835 r34 3 4
c0835 r34 4 3
c0847 r50 2 4
c0847 r50 3 1
c0847 r50 4 3
c0849 r38 1 2
c0849 r38 4 1
c0849 r38 4 3
c0860 r36 0 3
c0860 r36 0 4
c0860 r36 1 0
c0860 rN 2 1
c0860 r50 3 3
c0860 r36 4 0
c0860 r52 4 2
c0862 r38 2 1
c0862 r38 2 2
c0862 r38 2 3
c0862 r38 3 3
c0862 r37 4 0
c0862 r38 4 2
c0862 rEr2 4 4
c0883 r34 0 3
c0883 r52 1 2
c0883 r52 1 3
c0883 r34 1 4
c0883 r34 2 1
c0883 r34 2 4
c0883 r52 3 0
c0897 r27 1 1
c0897 r27 4 1
c0897 rB 4 4
c1005 r51 0 2
c1005 r51 1 3
c1005 r51 4 3
c0932 rG 0 2
c0932 rDS1 3 4
c0932 rDS1 4 3
c0936 r37 1 2
c0936 r37 3 1
c0936 r37 4 4
c1022 r36 1 3
c1022 r36 2 3
c1022 r36 3 1
c0955 r34 0 1
c0955 r34 1 0
c0955 r37 2 0
c0955 r34 3 0
c0955 r52 3 3
c0955 rDS2 4 3
c0955 rDS2 4 4
c0963 rDS2 0 2
c0963 rDS2 0 3
c0963 rDS2 1 0
c0963 rDS2 2 1
c0963 rDS2 2 2
c0963 rDS2 2 4
c0963 rDS2 3 0
c0975 r25 0 1
c0975 r25 1 0
c0975 r25 2 2
c0975 r25 3 0
c0975 r25 3 3
c0975 r25 4 3
c0975 r25 4 4
c0980 rEr1 0 2
c0980 r50 0 3
c0980 r50 1 2
c0980 r50 2 1
c0980 rG 2 2
c0980 r50 3 0
c0980 r27 3 2
c0983 rEr1 1 0
c0983 rEr1 2 2
c0983 rEr1 3 0
c0983 rEr2 3 2
c0983 rEr1 3 3
c0983 rEr1 4 1
c0983 rEr1 4 2
c0998 rG 1 1
c0998 rG 2 4
c0998 rG 4 1
c1041 rD 0 4
c1041 rA 3 3
c1041 rD 3 4
c1053 r52 1 1
c1053 r52 2 1
c1053 r52 2 2
c1062 r38 0 3
c1062 r38 3 0
c1062 r38 4 0
c1064 r27 0 2
c1064 r27 0 3
c1064 r27 2 1
c1064 r27 2 2
c1064 r27 3 3
c1064 r27 4 0
c1064 r27 4 2
c1065 rN 1 1
c1065 rN 2 0
c1065 rN 3 4
c1066 rN 0 1
c1066 rN 2 3
c1066 rN 4 1
c1069 r51 0 4
c1069 r51 1 2
c1069 r51 2 2
c1072 r51 0 0
c1072 rEr2 1 0
c1072 rEr2 4 2
c1074 r50 0 1
c1074 r50 1 1
c1074 r50 4 4
c1077 r27 0 0
c1077 r27 2 3
c1077 r27 3 4
