c0012 r52 1 3
c0012 r25 2 4
c0012 r52 3 2
c0013 r36 1 1
c0013 rDS2 2 3
c0013 rDS2 3 0
c0014 r37 0 1
c0014 r38 1 2
c0014 r37 2 2
c0035 r50 1 3
c0035 r50 2 1
c0035 r52 3 3
c0036 r50 1 2
c0036 rN 2 2
c0036 rN 3 2
c0045 rDS1 0 3
c0045 rDS1 1 3
c0045 rDS1 3 1
c0052 rF 2 4
c0052 rL 3 4
c0052 rA 4 2
c0053 rDS2 1 3
c0053 r51 2 1
c0053 rF 4 3
c0055 rB 1 2
c0055 rB 2 2
c0055 rDS1 3 3
c0057 rDS1 1 2
c0057 rDS1 2 1
c0057 rF 3 2
c0060 rL 1 4
c0060 rG 2 3
c0060 rB 3 2
c0094 rDS1 1 0
c0094 rF 2 3
c0094 rG 4 0
c0098 rD 0 2
c0098 rB 1 3
c0098 rB 2 3
c0104 rB 0 0
c0104 rB 1 4
c0104 rB 4 2
c0107 rDS1 0 1
c0107 rF 2 0
c0107 rDS1 4 1
c0112 rA 0 0
c0112 rA 1 1
c0112 rD 2 4
c0114 rF 0 1
c0114 rD 2 2
c0114 rD 4 1
c0116 rA 2 3
c0116 rA 3 2
c0116 rA 4 0
c0117 rB 1 1
c0117 rD 3 1
c0117 rA 4 1
c0130 rG 2 0
c0130 rG 2 2
c0130 rG 3 0
c0148 rF 1 3
c0148 rL 2 2
c0148 rL 4 2
c0149 rG 0 1
c0149 rF 3 0
c0149 rF 4 4
c0150 rD 2 1
c0150 rG 3 2
c0150 rG 4 3
c0162 rL 0 4
c0162 rG 1 2
c0162 rL 2 4
c0163 rB 0 1
c0163 rD 1 1
c0163 rG 2 1
c0177 rB 0 3
c0177 rG 1 1
c0177 rB 3 3
c0179 rL 0 2
c0179 rD 2 0
c0179 rD 4 2
c0181 rG 1 0
c0181 rG 3 4
c0181 rG 4 1
c0198 rA 0 1
c0198 rA 3 4
c0198 rF 4 0
c0210 rF 1 0
c0210 rD 3 3
c0210 rG 4 2
c0214 rB 2 0
c0214 rF 3 4
c0214 rB 4 3
c0218 rF 2 2
c0218 rB 3 0
c0218 rDS1 4 4
c0223 rD 0 1
c0223 rDS1 2 3
c0223 rA 4 3
c0224 rG 0 2
c0224 rA 2 1
c0224 rA 3 1
c0226 rL 1 1
c0226 rB 2 1
c0226 rB 4 4
c0227 rB 0 4
c0227 rF 1 1
c0227 rA 3 0
c0233 rD 0 3
c0233 rD 1 2
c0233 r52 3 1
c0249 rA 1 2
c0249 rF 3 1
c0249 rG 4 4
c0254 rG 0 3
c0254 rA 1 3
c0254 rA 2 2
c0271 rB 0 2
c0271 rG 3 3
c0271 rB 4 1
c0409 r51 1 3
c0409 r25 2 0
c0409 r51 4 0
c0416 r37 0 2
c0416 r37 1 1
c0416 r38 4 3
c0420 r50 1 0
c0420 r50 2 2
c0420 r50 4 2
c0441 r25 0 2
c0441 r50 1 1
c0441 r51 2 3
c0447 r52 0 3
c0447 r52 2 4
c0447 rG 3 1
c0456 rD 2 3
c0456 rG 2 4
c0456 rL 3 3
c0457 r51 0 4
c0457 r51 1 2
c0457 rDS1 2 2
c0465 rDS1 1 1
c0465 rL 3 2
c0465 rL 4 1
c0486 r31 1 1
c0486 r31 2 2
c0486 r31 2 3
c0491 r31 0 3
c0491 r52 1 1
c0491 r52 2 1
c0498 r38 1 0
c0498 rB 3 1
c0498 r36 4 2
c0501 r38 1 1
c0501 r38 2 1
c0501 r37 3 0
c0506 r31 2 4
c0506 r51 3 0
c0506 r50 3 1
c0510 r25 0 3
c0510 r25 0 4
c0510 rL 1 0
c0510 rL 1 2
c0510 rDS2 2 2
c0510 r31 3 3
c0527 rN 1 3
c0527 rDS1 1 4
c0527 rN 3 0
c0670 r25 2 1
c0670 rDS2 3 2
c0670 r50 4 1
c0738 r36 3 2
c0738 rDS2 4 0
c0738 r38 4 1
c0745 r37 3 3
c0745 r50 3 4
c0745 r37 4 4
c0773 rN 0 1
c0773 r36 1 3
c0773 r51 1 4
c0814 rN 0 0
c0814 rN 1 0
c0814 r27 2 1
c0814 r27 4 3
c0814 rD 4 4
c0825 r25 1 0
c0825 r25 3 2
c0825 r51 4 4
c0882 rN 0 2
c0882 rN 0 3
c0882 r52 1 2
c0882 r52 1 4
c0882 rN 2 0
c0882 r38 2 3
c0882 rN 3 1
c0884 rD 0 0
c0884 rDS2 0 2
c0884 r27 1 2
c0884 r52 2 0
c0884 rDS2 3 1
c0884 rD 4 0
c0884 rDS2 4 1
c0899 r37 0 0
c0899 r51 2 0
c0899 r51 3 3
c0901 rL 2 1
c0901 rL 3 1
c0901 rF 4 1
c0933 r31 2 1
c0933 r31 3 2
c0933 rDS2 4 3
c0947 r51 1 0
c0947 r27 2 2
c0947 r38 3 0
c0947 r27 3 1
c0947 r51 3 2
c0947 r38 4 0
c0947 r25 4 1
c0953 r38 0 0
c0953 r27 0 1
c0953 r38 0 2
c0953 r38 3 2
c0953 r52 4 2
c0953 r50 4 3
c0953 r50 4 4
c0969 r50 0 0
c0969 r31 0 2
c0969 r51 0 3
c0969 r27 1 4
c0969 r50 2 0
c0969 r27 2 3
c0969 r51 3 1
c0972 r50 0 2
c0972 r36 0 3
c0972 r50 0 4
c0972 r25 1 2
c0972 r25 1 3
c0972 r50 3 2
c0972 rDS1 4 0
c0978 rDS1 0 0
c0978 rDS2 0 1
c0978 r52 1 0
c0978 rDS2 1 1
c0978 rDS2 1 2
c0978 rDS1 3 2
c0978 rDS2 4 2
c0985 r27 0 2
c0985 r37 2 0
c0985 r25 2 2
c0985 r37 3 1
c0985 r37 3 2
c0985 r36 3 3
c0985 r25 3 4
c0991 r38 0 4
c0991 r38 1 3
c0991 rDS1 3 0
c1007 rD 0 4
c1007 rA 1 4
c1007 rA 2 0
c1041 rF 0 0
c1041 rF 0 3
c1041 rL 2 3
c1044 r52 0 2
c1044 rA 1 0
c1044 r51 1 1
c1044 rDS2 2 0
c1044 r51 4 2
c1044 r51 4 3
c1044 rA 4 4
c0741 rG 0 0
c0741 rL 0 1
c0741 rF 1 2
c0741 rG 1 3
c0741 rF 4 2
c0741 rL 4 3
c0196 rF 0 2
c0196 rL 0 3
c0196 rL 1 3
c0196 rL 2 0
c0196 rF 2 1
c0196 rB 3 4
c0798 r27 0 3
c0798 r52 0 4
c0798 rD 1 4
c0798 r27 3 4
c0798 r38 4 4
